0 info it worked if it ends with ok
1 verbose cli [ 'node', '/usr/local/bin/npm', 'install', '-g', 'bower' ]
2 info using npm@2.1.5
3 info using node@v0.10.33
4 verbose node symlink /usr/local/bin/node
5 silly cache add args [ 'bower', null ]
6 verbose cache add spec bower
7 silly cache add parsed spec { raw: 'bower',
7 silly cache add   scope: null,
7 silly cache add   name: 'bower',
7 silly cache add   rawSpec: '',
7 silly cache add   spec: '*',
7 silly cache add   type: 'range' }
8 verbose addNamed bower@*
9 silly addNamed semver.valid null
10 silly addNamed semver.validRange *
11 silly addNameRange { name: 'bower', range: '*', hasData: false }
12 verbose mapToRegistry name bower
13 verbose mapToRegistry uri https://registry.npmjs.org/bower
14 verbose addNameRange registry:https://registry.npmjs.org/bower not in flight; fetching
15 verbose request on initialization, where is /bower
16 verbose request after pass 1, where is /bower
17 verbose request url raw /bower
18 verbose request resolving registry [ 'https://registry.npmjs.org/', './bower' ]
19 verbose request after pass 2, where is https://registry.npmjs.org/bower
20 verbose request no auth needed
21 info attempt registry request try #1 at 08:23:21
22 verbose request id 87b8bd780289ae3f
23 http request GET https://registry.npmjs.org/bower
24 http 200 https://registry.npmjs.org/bower
25 silly registry.get cb [ 200,
25 silly registry.get   { date: 'Thu, 05 Feb 2015 16:23:24 GMT',
25 silly registry.get     server: 'CouchDB/1.5.0 (Erlang OTP/R16B03)',
25 silly registry.get     etag: '"6OAFNDTO60JUDVGAYVJTWW4WF"',
25 silly registry.get     'content-type': 'application/json',
25 silly registry.get     'cache-control': 'max-age=60',
25 silly registry.get     'content-length': '106287',
25 silly registry.get     'accept-ranges': 'bytes',
25 silly registry.get     via: '1.1 varnish',
25 silly registry.get     age: '58',
25 silly registry.get     'x-served-by': 'cache-lax1426-LAX',
25 silly registry.get     'x-cache': 'HIT',
25 silly registry.get     'x-cache-hits': '1',
25 silly registry.get     'x-timer': 'S1423153404.038833,VS0,VE0',
25 silly registry.get     vary: 'Accept',
25 silly registry.get     'keep-alive': 'timeout=10, max=50',
25 silly registry.get     connection: 'Keep-Alive' } ]
26 silly addNameRange number 2 { name: 'bower', range: '*', hasData: true }
27 silly addNameRange versions [ 'bower',
27 silly addNameRange   [ '0.1.0',
27 silly addNameRange     '0.1.2',
27 silly addNameRange     '0.1.3',
27 silly addNameRange     '0.2.0',
27 silly addNameRange     '0.3.0',
27 silly addNameRange     '0.3.1',
27 silly addNameRange     '0.3.2',
27 silly addNameRange     '0.4.0',
27 silly addNameRange     '0.5.0',
27 silly addNameRange     '0.5.1',
27 silly addNameRange     '0.6.0',
27 silly addNameRange     '0.6.1',
27 silly addNameRange     '0.6.2',
27 silly addNameRange     '0.6.3',
27 silly addNameRange     '0.6.4',
27 silly addNameRange     '0.6.5',
27 silly addNameRange     '0.6.6',
27 silly addNameRange     '0.6.7',
27 silly addNameRange     '0.6.8',
27 silly addNameRange     '0.7.0',
27 silly addNameRange     '0.7.1',
27 silly addNameRange     '0.8.0',
27 silly addNameRange     '0.8.1',
27 silly addNameRange     '0.8.2',
27 silly addNameRange     '0.8.3',
27 silly addNameRange     '0.8.4',
27 silly addNameRange     '0.8.5',
27 silly addNameRange     '0.8.6',
27 silly addNameRange     '0.9.0',
27 silly addNameRange     '0.9.1',
27 silly addNameRange     '0.9.2',
27 silly addNameRange     '0.10.0',
27 silly addNameRange     '1.0.0',
27 silly addNameRange     '1.0.1',
27 silly addNameRange     '1.0.2',
27 silly addNameRange     '1.0.3',
27 silly addNameRange     '1.1.0',
27 silly addNameRange     '1.1.1',
27 silly addNameRange     '1.1.2',
27 silly addNameRange     '1.2.0',
27 silly addNameRange     '1.2.1',
27 silly addNameRange     '1.2.2',
27 silly addNameRange     '1.2.3',
27 silly addNameRange     '1.2.4',
27 silly addNameRange     '1.2.5',
27 silly addNameRange     '1.2.6',
27 silly addNameRange     '1.2.7',
27 silly addNameRange     '1.2.8',
27 silly addNameRange     '1.3.0',
27 silly addNameRange     '1.3.1',
27 silly addNameRange     '1.3.2',
27 silly addNameRange     '1.3.3',
27 silly addNameRange     '1.3.4',
27 silly addNameRange     '1.3.5',
27 silly addNameRange     '1.3.6',
27 silly addNameRange     '1.3.7',
27 silly addNameRange     '1.3.8',
27 silly addNameRange     '1.3.9',
27 silly addNameRange     '1.3.10',
27 silly addNameRange     '1.3.11',
27 silly addNameRange     '1.3.12' ] ]
28 verbose addNamed bower@1.3.12
29 silly addNamed semver.valid 1.3.12
30 silly addNamed semver.validRange 1.3.12
31 verbose addRemoteTarball https://registry.npmjs.org/bower/-/bower-1.3.12.tgz not in flight; adding
32 verbose addRemoteTarball [ 'https://registry.npmjs.org/bower/-/bower-1.3.12.tgz',
32 verbose addRemoteTarball   '37de0edb3904baf90aee13384a1a379a05ee214c' ]
33 info retry fetch attempt 1 at 08:23:24
34 info attempt registry request try #1 at 08:23:24
35 http fetch GET https://registry.npmjs.org/bower/-/bower-1.3.12.tgz
36 http fetch 200 https://registry.npmjs.org/bower/-/bower-1.3.12.tgz
37 silly fetchAndShaCheck shasum 37de0edb3904baf90aee13384a1a379a05ee214c
38 verbose addTmpTarball /var/folders/jr/yf45x41525qddnbr0nfyy1400000gn/T/npm-2553-4e4eb88f/registry.npmjs.org/bower/-/bower-1.3.12.tgz not in flight; adding
39 verbose addTmpTarball already have metadata; skipping unpack for bower@1.3.12
40 silly cache afterAdd bower@1.3.12
41 verbose afterAdd /Users/d/.npm/bower/1.3.12/package/package.json not in flight; writing
42 verbose afterAdd /Users/d/.npm/bower/1.3.12/package/package.json written
43 silly install resolved [ { name: 'bower',
43 silly install resolved     version: '1.3.12',
43 silly install resolved     description: 'The browser package manager',
43 silly install resolved     author: { name: 'Twitter' },
43 silly install resolved     licenses: [ [Object] ],
43 silly install resolved     repository: { type: 'git', url: 'https://github.com/bower/bower' },
43 silly install resolved     main: 'lib',
43 silly install resolved     homepage: 'http://bower.io',
43 silly install resolved     engines: { node: '>=0.10.0' },
43 silly install resolved     dependencies:
43 silly install resolved      { abbrev: '~1.0.4',
43 silly install resolved        archy: '0.0.2',
43 silly install resolved        'bower-config': '~0.5.2',
43 silly install resolved        'bower-endpoint-parser': '~0.2.2',
43 silly install resolved        'bower-json': '~0.4.0',
43 silly install resolved        'bower-logger': '~0.2.2',
43 silly install resolved        'bower-registry-client': '~0.2.0',
43 silly install resolved        cardinal: '0.4.0',
43 silly install resolved        chalk: '0.5.0',
43 silly install resolved        chmodr: '0.1.0',
43 silly install resolved        'decompress-zip': '0.0.8',
43 silly install resolved        fstream: '~1.0.2',
43 silly install resolved        'fstream-ignore': '~1.0.1',
43 silly install resolved        glob: '~4.0.2',
43 silly install resolved        'graceful-fs': '~3.0.1',
43 silly install resolved        handlebars: '~2.0.0',
43 silly install resolved        inquirer: '0.7.1',
43 silly install resolved        insight: '0.4.3',
43 silly install resolved        'is-root': '~1.0.0',
43 silly install resolved        junk: '~1.0.0',
43 silly install resolved        lockfile: '~1.0.0',
43 silly install resolved        'lru-cache': '~2.5.0',
43 silly install resolved        mkdirp: '0.5.0',
43 silly install resolved        mout: '~0.9.0',
43 silly install resolved        nopt: '~3.0.0',
43 silly install resolved        opn: '~1.0.0',
43 silly install resolved        osenv: '0.1.0',
43 silly install resolved        'p-throttler': '0.1.0',
43 silly install resolved        promptly: '0.2.0',
43 silly install resolved        q: '~1.0.1',
43 silly install resolved        request: '~2.42.0',
43 silly install resolved        'request-progress': '0.3.0',
43 silly install resolved        retry: '0.6.0',
43 silly install resolved        rimraf: '~2.2.0',
43 silly install resolved        semver: '~2.3.0',
43 silly install resolved        'shell-quote': '~1.4.1',
43 silly install resolved        'stringify-object': '~1.0.0',
43 silly install resolved        'tar-fs': '0.5.2',
43 silly install resolved        tmp: '0.0.23',
43 silly install resolved        'update-notifier': '0.2.0',
43 silly install resolved        which: '~1.0.5' },
43 silly install resolved     devDependencies:
43 silly install resolved      { coveralls: '~2.11.0',
43 silly install resolved        'expect.js': '~0.3.1',
43 silly install resolved        grunt: '~0.4.4',
43 silly install resolved        'grunt-cli': '^0.1.13',
43 silly install resolved        'grunt-contrib-jshint': '~0.10.0',
43 silly install resolved        'grunt-contrib-watch': '~0.6.1',
43 silly install resolved        'grunt-exec': '~0.4.2',
43 silly install resolved        'grunt-simple-mocha': '~0.4.0',
43 silly install resolved        istanbul: '~0.3.2',
43 silly install resolved        'load-grunt-tasks': '~0.6.0',
43 silly install resolved        mocha: '~1.21.4',
43 silly install resolved        nock: '~0.46.0',
43 silly install resolved        'node-uuid': '~1.4.1',
43 silly install resolved        proxyquire: '~1.0.1' },
43 silly install resolved     scripts: { test: 'grunt test' },
43 silly install resolved     bin: { bower: 'bin/bower' },
43 silly install resolved     preferGlobal: true,
43 silly install resolved     gitHead: 'b26c072f0db054a1902ec4d2e3726dbf8a1c799a',
43 silly install resolved     bugs: { url: 'https://github.com/bower/bower/issues' },
43 silly install resolved     _id: 'bower@1.3.12',
43 silly install resolved     _shasum: '37de0edb3904baf90aee13384a1a379a05ee214c',
43 silly install resolved     _from: 'bower@*',
43 silly install resolved     _npmVersion: '2.0.0',
43 silly install resolved     _npmUser: { name: 'sheerun', email: 'sheerun@sher.pl' },
43 silly install resolved     maintainers: [ [Object], [Object], [Object], [Object], [Object], [Object] ],
43 silly install resolved     dist:
43 silly install resolved      { shasum: '37de0edb3904baf90aee13384a1a379a05ee214c',
43 silly install resolved        tarball: 'http://registry.npmjs.org/bower/-/bower-1.3.12.tgz' },
43 silly install resolved     directories: {},
43 silly install resolved     _resolved: 'https://registry.npmjs.org/bower/-/bower-1.3.12.tgz' } ]
44 info install bower@1.3.12 into /usr/local/lib
45 info installOne bower@1.3.12
46 verbose installOne of bower to /usr/local/lib not in flight; installing
47 warn locking Error: EACCES, open '/Users/d/.npm/_locks/bower-e8debc5417026b57.lock'
47 warn locking  /Users/d/.npm/_locks/bower-e8debc5417026b57.lock failed { [Error: EACCES, open '/Users/d/.npm/_locks/bower-e8debc5417026b57.lock']
47 warn locking   errno: 3,
47 warn locking   code: 'EACCES',
47 warn locking   path: '/Users/d/.npm/_locks/bower-e8debc5417026b57.lock' }
48 verbose stack Error: Attempt to unlock /usr/local/lib/node_modules/bower, which hasn't been locked
48 verbose stack     at unlock (/usr/local/lib/node_modules/npm/lib/utils/locker.js:66:11)
48 verbose stack     at cb (/usr/local/lib/node_modules/npm/lib/install.js:929:5)
48 verbose stack     at /usr/local/lib/node_modules/npm/lib/install.js:933:20
48 verbose stack     at /usr/local/lib/node_modules/npm/lib/utils/locker.js:40:9
48 verbose stack     at cb (/usr/local/lib/node_modules/npm/node_modules/lockfile/lockfile.js:149:38)
48 verbose stack     at /usr/local/lib/node_modules/npm/node_modules/lockfile/lockfile.js:177:38
48 verbose stack     at Object.oncomplete (fs.js:107:15)
49 verbose cwd /Users/d/Projects/Polx
50 error Darwin 14.1.0
51 error argv "node" "/usr/local/bin/npm" "install" "-g" "bower"
52 error node v0.10.33
53 error npm  v2.1.5
54 error Attempt to unlock /usr/local/lib/node_modules/bower, which hasn't been locked
55 error If you need help, you may report this error at:
55 error     <http://github.com/npm/npm/issues>
56 verbose exit [ 1, true ]
